Start testing: Apr 16 17:47 CST
----------------------------------------------------------
1/9 Testing: test_motion_planner
1/9 Test: test_motion_planner
Command: "/home/dan/project/hdy-motion-light/out/build/unixgcc/test_motion_planner"
Directory: /home/dan/project/hdy-motion-light/out/build/unixgcc
"test_motion_planner" start time: Apr 16 17:47 CST
Output:
----------------------------------------------------------
Running MotionPlanner tests...

Testing position-based extend planning...
✓ Position-based extend planning test passed
Testing position-based retract planning...
✓ Position-based retract planning test passed
Testing speed-ramp directional planning...
✓ Speed-ramp directional planning test passed
Testing position-mode time planner braking near target...
✓ Position-mode time planner braking test passed
Testing pressure mode planner bypass behavior...
✓ Pressure mode planner bypass test passed
Testing planner edge cases...
✓ Planner edge cases test passed

✅ All MotionPlanner tests passed successfully!
<end of output>
Test time =   0.00 sec
----------------------------------------------------------
Test Passed.
"test_motion_planner" end time: Apr 16 17:47 CST
"test_motion_planner" time elapsed: 00:00:00
----------------------------------------------------------

2/9 Testing: test_motion_control
2/9 Test: test_motion_control
Command: "/home/dan/project/hdy-motion-light/out/build/unixgcc/test_motion_control"
Directory: /home/dan/project/hdy-motion-light/out/build/unixgcc
"test_motion_control" start time: Apr 16 17:47 CST
Output:
----------------------------------------------------------
Running MotionControl tests...

Testing LoadRecipe idle semantics...
✓ LoadRecipe idle semantics test passed
Testing StartSegment execution semantics...
✓ StartSegment execution semantics test passed
Testing START_SEGMENT command input semantics...
✓ START_SEGMENT command input semantics test passed
Testing segment completion and NextSegment behavior...
✓ Segment completion and NextSegment behavior test passed
Testing retract position directional planning...
✓ Retract position directional planning test passed
Testing speed-ramp retract directional planning...
✓ Speed-ramp retract directional planning test passed
Testing pressure closed-loop PI strategy integration...
✓ Pressure closed-loop PI strategy integration test passed
Testing pressure mode transition bumpless flow tracking...
✓ Pressure mode transition bumpless flow tracking test passed
Testing runtime reference state exposure...
✓ Runtime reference state exposure test passed
Testing pressure-loop adaptive telemetry exposure...
✓ Pressure-loop adaptive telemetry exposure test passed
Testing execution diagnostics degraded-state behavior...
✓ Execution diagnostics degraded-state test passed
Testing compact diagnostic flags and string helpers...
✓ Compact diagnostic flags/string helper test passed
Testing diagnostic latch/history retention semantics...
✓ Diagnostic latch/history retention test passed
Testing diagnostic history helper ordering...
✓ Diagnostic history helper ordering test passed
Testing AcknowledgeDiagnostics retention-clear semantics...
✓ AcknowledgeDiagnostics retention-clear test passed
Testing AcknowledgeDiagnostics fault-retention guard...
✓ AcknowledgeDiagnostics fault-retention guard test passed
Testing fault snapshot capture semantics...
✓ Fault snapshot capture test passed
Testing invalid sensor feedback protected-stop behavior...
✓ Invalid sensor feedback protected-stop test passed
Testing timestamp rollback protected-stop behavior...
✓ Timestamp rollback protected-stop test passed
Testing pressure segment timeout safety behavior...
✓ Pressure segment timeout safety test passed
Testing EN disable safety semantics...
✓ EN disable safety semantics test passed
Testing Abort safety semantics...
✓ Abort safety semantics test passed
Testing Abort diagnostic auto-clear lifecycle...
✓ Abort diagnostic auto-clear test passed
Testing finished-state command diagnostic auto-clear lifecycle...
✓ Finished-state command diagnostic auto-clear test passed
Testing RESET full reinitialization semantics...
✓ RESET full reinitialization semantics test passed
Testing typed diagnostic thresholds override legacy tolerance...
✓ Typed diagnostic thresholds test passed
Testing timeoutLimit safe-stop behavior...
✓ timeoutLimit safe-stop test passed
Testing runtime validation fault behavior...
✓ Runtime validation fault test passed
Testing recipe and runtime parameter validation...
✓ Recipe and runtime parameter validation test passed

✅ All MotionControl tests passed successfully!
<end of output>
Test time =   0.00 sec
----------------------------------------------------------
Test Passed.
"test_motion_control" end time: Apr 16 17:47 CST
"test_motion_control" time elapsed: 00:00:00
----------------------------------------------------------

3/9 Testing: test_recipe_validator
3/9 Test: test_recipe_validator
Command: "/home/dan/project/hdy-motion-light/out/build/unixgcc/test_recipe_validator"
Directory: /home/dan/project/hdy-motion-light/out/build/unixgcc
"test_recipe_validator" start time: Apr 16 17:47 CST
Output:
----------------------------------------------------------
Running RecipeValidator tests...

Testing recipe validator success path...
✓ Recipe validator success path test passed
Testing speed-ramp/time-planner contract validation...
✓ Speed-ramp/time-planner contract test passed
Testing runtime config validation...
✓ Runtime config validation test passed
Testing pressure derivative filter alpha validation...
✓ Pressure derivative filter alpha validation test passed
Testing start context directional conflict validation...
✓ Start context directional conflict test passed

✅ All RecipeValidator tests passed successfully!
<end of output>
Test time =   0.00 sec
----------------------------------------------------------
Test Passed.
"test_recipe_validator" end time: Apr 16 17:47 CST
"test_recipe_validator" time elapsed: 00:00:00
----------------------------------------------------------

4/9 Testing: test_pressure_controller
4/9 Test: test_pressure_controller
Command: "/home/dan/project/hdy-motion-light/out/build/unixgcc/test_pressure_controller"
Directory: /home/dan/project/hdy-motion-light/out/build/unixgcc
"test_pressure_controller" start time: Apr 16 17:47 CST
Output:
----------------------------------------------------------
Running PressureController tests...

Testing legacy default pressure strategy behavior...
✓ Legacy default pressure strategy test passed
Testing PI pressure strategy integral accumulation...
✓ PI pressure strategy integral accumulation test passed
Testing pressure deadband, filter, and anti-windup...
✓ Pressure deadband/filter/anti-windup test passed
Testing bumpless tracking / integral back-calculation...
✓ Bumpless tracking / integral back-calculation test passed
Testing PID derivative measurement filtering and kick suppression...
✓ PID derivative measurement/filter test passed
Testing strategy-switch tracking via descriptor resolution...
✓ Strategy-switch tracking test passed
Testing adaptive RBF-PID pressure strategy integration...
✓ Adaptive RBF-PID pressure strategy integration test passed
Testing RBF-PID segment-level tuning profile mapping...
✓ RBF-PID segment-level tuning profile test passed
Testing RBF-PID strategy switch bumpless tracking...
✓ RBF-PID strategy switch bumpless tracking test passed

✅ All PressureController tests passed successfully!
<end of output>
Test time =   0.00 sec
----------------------------------------------------------
Test Passed.
"test_pressure_controller" end time: Apr 16 17:47 CST
"test_pressure_controller" time elapsed: 00:00:00
----------------------------------------------------------

5/9 Testing: test_pump_converter
5/9 Test: test_pump_converter
Command: "/home/dan/project/hdy-motion-light/out/build/unixgcc/test_pump_converter"
Directory: /home/dan/project/hdy-motion-light/out/build/unixgcc
"test_pump_converter" start time: Apr 16 17:47 CST
Output:
----------------------------------------------------------
Running PumpConverter tests...

Testing basic pump conversion...
✓ Basic pump conversion test passed
Testing pump speed limit back-projection...
✓ Pump speed limit back-projection test passed
Testing invalid pump converter input handling...
✓ Invalid pump converter input handling test passed

✅ All PumpConverter tests passed successfully!
<end of output>
Test time =   0.00 sec
----------------------------------------------------------
Test Passed.
"test_pump_converter" end time: Apr 16 17:47 CST
"test_pump_converter" time elapsed: 00:00:00
----------------------------------------------------------

6/9 Testing: test_segment_completion
6/9 Test: test_segment_completion
Command: "/home/dan/project/hdy-motion-light/out/build/unixgcc/segment_completion_test"
Directory: /home/dan/project/hdy-motion-light/out/build/unixgcc
"test_segment_completion" start time: Apr 16 17:47 CST
Output:
----------------------------------------------------------
Running SegmentCompletion tests...

Testing segment completion by extend position...
✓ Extend position completion test passed
Testing segment completion by retract position...
✓ Retract position completion test passed
Testing segment completion by time...
✓ Time completion test passed
Testing segment completion by pressure...
✓ Pressure completion test passed
Testing segment completion by flow...
✓ Flow completion test passed
Testing segment completion by manual end condition...
✓ Manual completion test passed
Testing runtime reference context override behavior...
✓ Runtime reference context override test passed

✅ All SegmentCompletion tests passed successfully!
<end of output>
Test time =   0.00 sec
----------------------------------------------------------
Test Passed.
"test_segment_completion" end time: Apr 16 17:47 CST
"test_segment_completion" time elapsed: 00:00:00
----------------------------------------------------------

7/9 Testing: test_rbf_pid
7/9 Test: test_rbf_pid
Command: "/home/dan/project/hdy-motion-light/out/build/unixgcc/rbf_pid_test"
Directory: /home/dan/project/hdy-motion-light/out/build/unixgcc
"test_rbf_pid" start time: Apr 16 17:47 CST
Output:
----------------------------------------------------------
Running RBF_PID tests...

Testing RBF_PID disabled-output semantics...
✓ RBF_PID disabled-output test passed
Testing RBF_PID closed-loop adaptation behavior...
✓ RBF_PID adaptation/limit test passed
Testing RBF_PID explicit reset behavior...
✓ RBF_PID explicit reset test passed

✅ All RBF_PID tests passed successfully!
<end of output>
Test time =   0.00 sec
----------------------------------------------------------
Test Passed.
"test_rbf_pid" end time: Apr 16 17:47 CST
"test_rbf_pid" time elapsed: 00:00:00
----------------------------------------------------------

8/9 Testing: test_ramp_controller
8/9 Test: test_ramp_controller
Command: "/home/dan/project/hdy-motion-light/out/build/unixgcc/ramp_controller_test"
Directory: /home/dan/project/hdy-motion-light/out/build/unixgcc
"test_ramp_controller" start time: Apr 16 17:47 CST
Output:
----------------------------------------------------------
Running RampController tests...

Testing ramp controller linear ramp...
✓ Ramp controller linear ramp test passed
Testing ramp controller instant target...
✓ Ramp controller instant target test passed

✅ All RampController tests passed successfully!
<end of output>
Test time =   0.00 sec
----------------------------------------------------------
Test Passed.
"test_ramp_controller" end time: Apr 16 17:47 CST
"test_ramp_controller" time elapsed: 00:00:00
----------------------------------------------------------

9/9 Testing: test_scenario_matrix
9/9 Test: test_scenario_matrix
Command: "/home/dan/project/hdy-motion-light/out/build/unixgcc/test_scenario_matrix"
Directory: /home/dan/project/hdy-motion-light/out/build/unixgcc
"test_scenario_matrix" start time: Apr 16 17:47 CST
Output:
----------------------------------------------------------
Running scenario matrix tests...

Testing full injection-machine scenario matrix...
✓ Full scenario matrix test passed
Testing long-run regression over repeated full cycles...
✓ Long-run repeated-cycle regression test passed
Testing max-segment boundary recipe execution...
✓ Max-segment boundary recipe test passed

✅ All scenario matrix tests passed successfully!
<end of output>
Test time =   0.00 sec
----------------------------------------------------------
Test Passed.
"test_scenario_matrix" end time: Apr 16 17:47 CST
"test_scenario_matrix" time elapsed: 00:00:00
----------------------------------------------------------

End testing: Apr 16 17:47 CST
